TN:
SF:src\main.ts
FN:6,(anonymous_0)
FNF:1
FNH:0
FNDA:0,(anonymous_0)
DA:5,12
DA:6,0
LF:2
LH:1
BRF:0
BRH:0
end_of_record
TN:
SF:src\app\app.component.ts
FN:15,(anonymous_3)
FN:20,(anonymous_5)
FN:24,(anonymous_6)
FNF:3
FNH:2
FNDA:12,(anonymous_3)
FNDA:529,(anonymous_5)
FNDA:0,(anonymous_6)
DA:15,24
DA:16,12
DA:17,12
DA:18,12
DA:21,529
DA:25,0
DA:26,0
LF:7
LH:5
BRDA:15,0,0,12
BRDA:15,0,1,12
BRF:2
BRH:2
end_of_record
TN:
SF:src\app\app.config.ts
FNF:0
FNH:0
DA:7,12
LF:1
LH:1
BRF:0
BRH:0
end_of_record
TN:
SF:src\app\app.routes.ts
FNF:0
FNH:0
DA:12,12
LF:1
LH:1
BRF:0
BRH:0
end_of_record
TN:
SF:src\app\components\me\me.component.ts
FN:17,(anonymous_4)
FN:26,(anonymous_6)
FN:30,(anonymous_7)
FN:33,(anonymous_8)
FN:37,(anonymous_9)
FN:41,(anonymous_10)
FNF:6
FNH:1
FNDA:12,(anonymous_4)
FNDA:0,(anonymous_6)
FNDA:0,(anonymous_7)
FNDA:0,(anonymous_8)
FNDA:0,(anonymous_9)
FNDA:0,(anonymous_10)
DA:17,12
DA:18,0
DA:19,0
DA:20,0
DA:21,0
DA:22,0
DA:27,0
DA:30,0
DA:34,0
DA:38,0
DA:42,0
DA:43,0
DA:44,0
LF:13
LH:1
BRDA:17,0,0,0
BRDA:17,0,1,0
BRF:2
BRH:0
end_of_record
TN:
SF:src\app\core\service\auth.service.ts
FN:11,(anonymous_0)
FN:15,(anonymous_1)
FN:17,(anonymous_2)
FN:21,(anonymous_3)
FNF:4
FNH:4
FNDA:12,(anonymous_0)
FNDA:12,(anonymous_1)
FNDA:2,(anonymous_2)
FNDA:10,(anonymous_3)
DA:11,24
DA:13,12
DA:15,12
DA:18,2
DA:22,10
LF:5
LH:5
BRDA:11,0,0,12
BRDA:11,0,1,12
BRF:2
BRH:2
end_of_record
TN:
SF:src\app\core\service\session-api.service.ts
FN:9,(anonymous_0)
FN:13,(anonymous_1)
FN:16,(anonymous_2)
FN:20,(anonymous_3)
FN:24,(anonymous_4)
FN:28,(anonymous_5)
FN:32,(anonymous_6)
FN:36,(anonymous_7)
FN:40,(anonymous_8)
FNF:9
FNH:9
FNDA:12,(anonymous_0)
FNDA:9,(anonymous_1)
FNDA:12,(anonymous_2)
FNDA:5,(anonymous_3)
FNDA:1,(anonymous_4)
FNDA:1,(anonymous_5)
FNDA:1,(anonymous_6)
FNDA:1,(anonymous_7)
FNDA:1,(anonymous_8)
DA:9,21
DA:11,9
DA:13,9
DA:17,12
DA:21,5
DA:25,1
DA:29,1
DA:33,1
DA:37,1
DA:41,1
LF:10
LH:10
BRDA:9,0,0,9
BRDA:9,0,1,9
BRF:2
BRH:2
end_of_record
TN:
SF:src\app\core\service\session.service.ts
FN:8,(anonymous_0)
FN:15,(anonymous_2)
FN:19,(anonymous_3)
FN:25,(anonymous_4)
FN:31,(anonymous_5)
FNF:5
FNH:4
FNDA:12,(anonymous_0)
FNDA:529,(anonymous_2)
FNDA:9,(anonymous_3)
FNDA:0,(anonymous_4)
FNDA:9,(anonymous_5)
DA:8,24
DA:10,12
DA:13,12
DA:16,529
DA:20,9
DA:21,9
DA:22,9
DA:26,0
DA:27,0
DA:28,0
DA:32,9
LF:11
LH:8
BRDA:8,0,0,12
BRDA:8,0,1,12
BRF:2
BRH:2
end_of_record
TN:
SF:src\app\core\service\teacher.service.ts
FN:9,(anonymous_0)
FN:13,(anonymous_1)
FN:15,(anonymous_2)
FN:19,(anonymous_3)
FNF:4
FNH:4
FNDA:12,(anonymous_0)
FNDA:5,(anonymous_1)
FNDA:3,(anonymous_2)
FNDA:4,(anonymous_3)
DA:9,17
DA:11,5
DA:13,5
DA:16,3
DA:20,4
LF:5
LH:5
BRDA:9,0,0,5
BRDA:9,0,1,5
BRF:2
BRH:2
end_of_record
TN:
SF:src\app\core\service\user.service.ts
FN:9,(anonymous_0)
FN:13,(anonymous_1)
FN:15,(anonymous_2)
FN:19,(anonymous_3)
FNF:4
FNH:1
FNDA:12,(anonymous_0)
FNDA:0,(anonymous_1)
FNDA:0,(anonymous_2)
FNDA:0,(anonymous_3)
DA:9,12
DA:11,0
DA:13,0
DA:16,0
DA:20,0
LF:5
LH:1
BRDA:9,0,0,0
BRDA:9,0,1,0
BRF:2
BRH:0
end_of_record
TN:
SF:src\app\guards\auth.guard.ts
FN:6,(anonymous_0)
FN:8,(anonymous_1)
FN:14,(anonymous_2)
FNF:3
FNH:3
FNDA:12,(anonymous_0)
FNDA:9,(anonymous_1)
FNDA:9,(anonymous_2)
DA:6,21
DA:9,9
DA:10,9
DA:15,9
DA:16,0
DA:17,0
DA:19,9
LF:7
LH:5
BRDA:15,0,0,0
BRDA:15,0,1,9
BRDA:6,1,0,9
BRDA:6,1,1,9
BRF:4
BRH:3
end_of_record
TN:
SF:src\app\guards\unauth.guard.ts
FN:6,(anonymous_0)
FN:8,(anonymous_1)
FN:14,(anonymous_2)
FNF:3
FNH:3
FNDA:12,(anonymous_0)
FNDA:12,(anonymous_1)
FNDA:13,(anonymous_2)
DA:6,24
DA:9,12
DA:10,12
DA:15,13
DA:16,0
DA:17,0
DA:19,13
LF:7
LH:5
BRDA:15,0,0,0
BRDA:15,0,1,13
BRDA:6,1,0,12
BRDA:6,1,1,12
BRF:4
BRH:3
end_of_record
TN:
SF:src\app\interceptors\customJwtInterceptorFn.ts
FN:6,customJwtInterceptorFn
FNF:1
FNH:1
FNDA:41,customJwtInterceptorFn
DA:7,41
DA:8,41
DA:9,29
DA:15,41
LF:4
LH:4
BRDA:8,0,0,29
BRDA:8,0,1,12
BRF:2
BRH:2
end_of_record
TN:
SF:src\app\pages\login\login.component.ts
FN:18,(anonymous_1)
FN:33,(anonymous_3)
FN:40,(anonymous_4)
FN:44,(anonymous_5)
FNF:4
FNH:4
FNDA:12,(anonymous_1)
FNDA:10,(anonymous_3)
FNDA:9,(anonymous_4)
FNDA:1,(anonymous_5)
DA:18,23
DA:19,11
DA:20,11
DA:21,11
DA:22,11
DA:23,11
DA:25,11
DA:26,11
DA:28,11
DA:34,10
DA:36,10
DA:41,9
DA:42,9
DA:44,1
LF:14
LH:14
BRDA:18,0,0,11
BRDA:18,0,1,11
BRF:2
BRH:2
end_of_record
TN:
SF:src\app\pages\not-found\not-found.component.ts
FN:8,(anonymous_0)
FNF:1
FNH:1
FNDA:12,(anonymous_0)
DA:8,12
LF:1
LH:1
BRDA:8,0,0,0
BRDA:8,0,1,0
BRF:2
BRH:0
end_of_record
TN:
SF:src\app\pages\register\register.component.ts
FN:16,(anonymous_1)
FN:31,(anonymous_3)
FN:38,(anonymous_4)
FN:39,(anonymous_5)
FNF:4
FNH:4
FNDA:12,(anonymous_1)
FNDA:2,(anonymous_3)
FNDA:1,(anonymous_4)
FNDA:1,(anonymous_5)
DA:16,14
DA:17,2
DA:18,2
DA:19,2
DA:20,2
DA:22,2
DA:24,2
DA:32,2
DA:34,2
DA:38,1
DA:39,1
LF:11
LH:11
BRDA:16,0,0,2
BRDA:16,0,1,2
BRF:2
BRH:2
end_of_record
TN:
SF:src\app\pages\sessions\components\detail\detail.component.ts
FN:20,(anonymous_10)
FN:36,(anonymous_11)
FN:42,(anonymous_12)
FN:46,(anonymous_13)
FN:50,(anonymous_14)
FN:54,(anonymous_15)
FN:60,(anonymous_16)
FN:64,(anonymous_17)
FN:67,(anonymous_18)
FN:71,(anonymous_19)
FN:74,(anonymous_20)
FN:78,(anonymous_21)
FN:80,(anonymous_22)
FN:82,(anonymous_23)
FN:85,(anonymous_24)
FNF:15
FNH:14
FNDA:12,(anonymous_10)
FNDA:2,(anonymous_11)
FNDA:2,(anonymous_12)
FNDA:0,(anonymous_13)
FNDA:1,(anonymous_14)
FNDA:1,(anonymous_15)
FNDA:1,(anonymous_16)
FNDA:1,(anonymous_17)
FNDA:1,(anonymous_18)
FNDA:1,(anonymous_19)
FNDA:4,(anonymous_20)
FNDA:4,(anonymous_21)
FNDA:2,(anonymous_22)
FNDA:4,(anonymous_23)
FNDA:4,(anonymous_24)
DA:20,14
DA:23,2
DA:24,2
DA:28,2
DA:29,2
DA:30,2
DA:31,2
DA:32,2
DA:33,2
DA:34,2
DA:37,2
DA:38,2
DA:39,2
DA:43,2
DA:47,0
DA:51,1
DA:55,1
DA:56,1
DA:61,1
DA:64,1
DA:68,1
DA:71,1
DA:75,4
DA:79,4
DA:80,4
DA:82,4
DA:85,4
LF:27
LH:26
BRDA:20,0,0,2
BRDA:20,0,1,2
BRF:2
BRH:2
end_of_record
TN:
SF:src\app\pages\sessions\components\form\form.component.ts
FN:19,(anonymous_6)
FN:34,(anonymous_8)
FN:46,(anonymous_9)
FN:52,(anonymous_10)
FN:59,(anonymous_11)
FN:64,(anonymous_12)
FN:68,(anonymous_13)
FN:77,(anonymous_14)
FNF:8
FNH:8
FNDA:12,(anonymous_6)
FNDA:3,(anonymous_8)
FNDA:1,(anonymous_9)
FNDA:2,(anonymous_10)
FNDA:1,(anonymous_11)
FNDA:1,(anonymous_12)
FNDA:3,(anonymous_13)
FNDA:2,(anonymous_14)
DA:19,15
DA:20,3
DA:21,3
DA:22,3
DA:23,3
DA:24,3
DA:25,3
DA:26,3
DA:27,3
DA:29,3
DA:31,3
DA:35,3
DA:36,0
DA:39,3
DA:40,3
DA:41,1
DA:42,1
DA:43,1
DA:46,1
DA:48,2
DA:53,2
DA:55,2
DA:56,1
DA:59,1
DA:61,1
DA:64,1
DA:69,3
DA:78,2
DA:79,2
LF:29
LH:28
BRDA:35,0,0,0
BRDA:35,0,1,3
BRDA:40,1,0,1
BRDA:40,1,1,2
BRDA:55,2,0,1
BRDA:55,2,1,1
BRDA:70,3,0,1
BRDA:70,3,1,2
BRDA:71,4,0,1
BRDA:71,4,1,2
BRDA:72,5,0,1
BRDA:72,5,1,2
BRDA:73,6,0,1
BRDA:73,6,1,2
BRDA:19,7,0,3
BRDA:19,7,1,3
BRF:16
BRH:15
end_of_record
TN:
SF:src\app\pages\sessions\components\list\list.component.ts
FN:17,(anonymous_6)
FN:23,(anonymous_8)
FNF:2
FNH:2
FNDA:12,(anonymous_6)
FNDA:29,(anonymous_8)
DA:17,24
DA:18,12
DA:19,12
DA:21,12
DA:24,29
LF:5
LH:5
BRDA:17,0,0,12
BRDA:17,0,1,12
BRF:2
BRH:2
end_of_record
TN:
SF:src\app\shared\material.module.ts
FN:71,(anonymous_0)
FNF:1
FNH:1
FNDA:12,(anonymous_0)
DA:32,12
DA:71,51
LF:2
LH:2
BRDA:71,0,0,39
BRDA:71,0,1,39
BRF:2
BRH:2
end_of_record
